2024-12-12 19:07:53.779 [main] INFO  org.athens.network.Server - CacheBox initialized with shards
2024-12-12 19:07:53.782 [main] INFO  org.athens.network.Server - Starting Cache Box server on port 20029
2024-12-12 19:07:53.787 [main] INFO  org.athens.network.Server - Server started on port 20029
2024-12-12 19:08:09.022 [main] INFO  org.athens.network.Server - New client connection from /127.0.0.1:55398
2024-12-12 19:08:09.108 [Client_Handler-1] DEBUG o.a.network.Server$ClientHandler - Client handler started for /127.0.0.1:55398
2024-12-12 19:08:09.146 [pool-1-thread-1] DEBUG org.athens.network.Server - PUT command details: type=string, key=myKey, value=myValue
2024-12-12 19:08:09.274 [pool-1-thread-1] INFO  org.athens.network.Server - PUT command successful for key: myKey
2024-12-12 19:08:09.311 [pool-1-thread-1] DEBUG org.athens.network.Server - GET command for key: myKey
2024-12-12 19:08:09.323 [pool-1-thread-1] INFO  org.athens.network.Server - GET command successful. Key: myKey, Value: myValue
2024-12-12 19:08:09.337 [Client_Handler-1] ERROR o.a.network.Server$ClientHandler - Error processing request
java.util.concurrent.ExecutionException: java.io.IOException: Error parsing RESP request: Input is empty or null
	at java.base/java.util.concurrent.FutureTask.report(FutureTask.java:122)
	at java.base/java.util.concurrent.FutureTask.get(FutureTask.java:205)
	at org.athens.network.Server$ClientHandler.run(Server.java:109)
	at java.base/java.util.concurrent.Executors$RunnableAdapter.call(Executors.java:572)
	at java.base/java.util.concurrent.FutureTask.run(FutureTask.java:317)
	at java.base/java.lang.Thread.run(Thread.java:1570)
Caused by: java.io.IOException: Error parsing RESP request: Input is empty or null
	at org.athens.network.RequestParser.parseRequest(RequestParser.java:61)
	at org.athens.network.Server$ClientHandler.lambda$run$0(Server.java:105)
	at java.base/java.util.concurrent.FutureTask.run(FutureTask.java:317)
	at java.base/java.util.concurrent.ThreadPoolExecutor.runWorker(ThreadPoolExecutor.java:1144)
	at java.base/java.util.concurrent.ThreadPoolExecutor$Worker.run(ThreadPoolExecutor.java:642)
	... 1 common frames omitted
Caused by: java.lang.IllegalArgumentException: Input is empty or null
	at org.athens.network.RequestParser.parseRequest(RequestParser.java:23)
	... 5 common frames omitted
2024-12-12 19:09:49.798 [Thread-0] INFO  org.athens.network.Server - Init server shutdown ...
2024-12-12 19:10:04.289 [main] INFO  org.athens.network.Server - CacheBox initialized with shards
2024-12-12 19:10:04.293 [main] INFO  org.athens.network.Server - Starting Cache Box server on port 20029
2024-12-12 19:10:04.314 [main] INFO  org.athens.network.Server - Server started on port 20029
2024-12-12 19:10:36.073 [main] INFO  org.athens.network.Server - New client connection from /127.0.0.1:55453
2024-12-12 19:10:36.110 [Client_Handler-1] DEBUG o.a.network.Server$ClientHandler - Client handler started for /127.0.0.1:55453
2024-12-12 19:10:43.692 [Client_Handler-1] WARN  o.a.network.Server$ClientHandler - Request processing timed out
2024-12-12 19:11:30.521 [pool-1-thread-1] DEBUG org.athens.network.Server - PUT command details: type=string, key=myKey, value=myValue
2024-12-12 19:11:30.624 [pool-1-thread-1] INFO  org.athens.network.Server - PUT command successful for key: myKey
2024-12-12 19:11:48.993 [Thread-0] INFO  org.athens.network.Server - Init server shutdown ...
2024-12-12 19:11:56.765 [main] INFO  org.athens.network.Server - CacheBox initialized with shards
2024-12-12 19:11:56.768 [main] INFO  org.athens.network.Server - Starting Cache Box server on port 20029
2024-12-12 19:11:56.775 [main] INFO  org.athens.network.Server - Server started on port 20029
2024-12-12 19:12:09.344 [main] INFO  org.athens.network.Server - New client connection from /127.0.0.1:55474
2024-12-12 19:12:09.351 [Client_Handler-1] DEBUG o.a.network.Server$ClientHandler - Client handler started for /127.0.0.1:55474
2024-12-12 19:12:09.366 [pool-1-thread-1] DEBUG org.athens.network.Server - PUT command details: type=string, key=myKey, value=myValue
2024-12-12 19:12:09.409 [pool-1-thread-1] INFO  org.athens.network.Server - PUT command successful for key: myKey
2024-12-12 19:12:09.413 [pool-1-thread-1] DEBUG org.athens.network.Server - GET command for key: myKey
2024-12-12 19:12:09.426 [pool-1-thread-1] INFO  org.athens.network.Server - GET command successful. Key: myKey, Value: myValue
2024-12-12 19:12:09.504 [Client_Handler-1] ERROR o.a.network.Server$ClientHandler - Error processing request
java.util.concurrent.ExecutionException: java.io.IOException: Error parsing CBSP request: Input is empty or null
	at java.base/java.util.concurrent.FutureTask.report(FutureTask.java:122)
	at java.base/java.util.concurrent.FutureTask.get(FutureTask.java:205)
	at org.athens.network.Server$ClientHandler.run(Server.java:109)
	at java.base/java.util.concurrent.Executors$RunnableAdapter.call(Executors.java:572)
	at java.base/java.util.concurrent.FutureTask.run(FutureTask.java:317)
	at java.base/java.lang.Thread.run(Thread.java:1570)
Caused by: java.io.IOException: Error parsing CBSP request: Input is empty or null
	at org.athens.network.RequestParser.parseRequest(RequestParser.java:61)
	at org.athens.network.Server$ClientHandler.lambda$run$0(Server.java:105)
	at java.base/java.util.concurrent.FutureTask.run(FutureTask.java:317)
	at java.base/java.util.concurrent.ThreadPoolExecutor.runWorker(ThreadPoolExecutor.java:1144)
	at java.base/java.util.concurrent.ThreadPoolExecutor$Worker.run(ThreadPoolExecutor.java:642)
	... 1 common frames omitted
Caused by: java.lang.IllegalArgumentException: Input is empty or null
	at org.athens.network.RequestParser.parseRequest(RequestParser.java:23)
	... 5 common frames omitted
2024-12-12 19:14:20.593 [Thread-0] INFO  org.athens.network.Server - Init server shutdown ...
2024-12-12 19:14:45.496 [main] INFO  org.athens.network.Server - CacheBox initialized with shards
2024-12-12 19:14:45.498 [main] INFO  org.athens.network.Server - Starting Cache Box server on port 20029
2024-12-12 19:14:45.503 [main] INFO  org.athens.network.Server - Server started on port 20029
2024-12-12 19:14:49.061 [main] INFO  org.athens.network.Server - New client connection from /127.0.0.1:55567
2024-12-12 19:14:49.068 [Client_Handler-1] DEBUG o.a.network.Server$ClientHandler - Client handler started for /127.0.0.1:55567
2024-12-12 19:14:49.581 [pool-1-thread-1] DEBUG org.athens.network.Server - PUT command details: type=string, key=myKey, value=myValue
2024-12-12 19:14:49.675 [pool-1-thread-1] INFO  org.athens.network.Server - PUT command successful for key: myKey
2024-12-12 19:14:49.791 [pool-1-thread-1] DEBUG org.athens.network.Server - GET command for key: myKey
2024-12-12 19:14:49.817 [pool-1-thread-1] INFO  org.athens.network.Server - GET command successful. Key: myKey, Value: myValue
2024-12-12 19:16:00.871 [main] INFO  org.athens.network.Server - New client connection from /127.0.0.1:55584
2024-12-12 19:16:00.892 [Client_Handler-2] DEBUG o.a.network.Server$ClientHandler - Client handler started for /127.0.0.1:55584
2024-12-12 19:16:00.894 [pool-4-thread-1] DEBUG org.athens.network.Server - PUT command details: type=string, key=myKey1, value=myValue1
2024-12-12 19:16:00.918 [pool-4-thread-1] INFO  org.athens.network.Server - PUT command successful for key: myKey1
2024-12-12 19:16:43.493 [Thread-0] INFO  org.athens.network.Server - Init server shutdown ...
2024-12-12 19:17:53.458 [main] INFO  org.athens.network.Server - CacheBox initialized with shards
2024-12-12 19:17:53.461 [main] INFO  org.athens.network.Server - Starting Cache Box server on port 20029
2024-12-12 19:17:53.466 [main] INFO  org.athens.network.Server - Server started on port 20029
2024-12-12 19:17:58.770 [main] INFO  org.athens.network.Server - New client connection from /127.0.0.1:55689
2024-12-12 19:17:58.779 [main] INFO  org.athens.network.Server - New client connection from /127.0.0.1:55691
2024-12-12 19:17:58.779 [Client_Handler-1] DEBUG o.a.network.Server$ClientHandler - Client handler started for /127.0.0.1:55689
2024-12-12 19:17:58.780 [main] INFO  org.athens.network.Server - New client connection from /127.0.0.1:55690
2024-12-12 19:17:58.783 [Client_Handler-2] DEBUG o.a.network.Server$ClientHandler - Client handler started for /127.0.0.1:55691
2024-12-12 19:17:58.784 [Client_Handler-3] DEBUG o.a.network.Server$ClientHandler - Client handler started for /127.0.0.1:55690
2024-12-12 19:17:58.811 [pool-3-thread-1] DEBUG org.athens.network.Server - PUT command details: type=string, key=client3Key1, value=client3Value1
2024-12-12 19:17:58.811 [pool-2-thread-1] DEBUG org.athens.network.Server - PUT command details: type=string, key=client1Key1, value=client1Value1
2024-12-12 19:17:58.811 [pool-1-thread-1] DEBUG org.athens.network.Server - PUT command details: type=string, key=client2Key1, value=client2Value1
2024-12-12 19:17:58.883 [pool-2-thread-1] ERROR o.a.network.Server$ClientHandler - Error processing command: [PUT, string, client1Key1, client1Value1]
java.util.ConcurrentModificationException: null
	at java.base/java.util.LinkedHashMap$LinkedHashIterator.nextNode(LinkedHashMap.java:1023)
	at java.base/java.util.LinkedHashMap$LinkedEntryIterator.next(LinkedHashMap.java:1058)
	at java.base/java.util.LinkedHashMap$LinkedEntryIterator.next(LinkedHashMap.java:1055)
	at org.athens.db.core.Storage.saveToDisk(Storage.java:164)
	at org.athens.db.core.CacheBox.commit(CacheBox.java:86)
	at org.athens.db.shrading.ShardedCacheBox.commit(ShardedCacheBox.java:55)
	at org.athens.network.commands.PutCommand.execute(PutCommand.java:53)
	at org.athens.network.Server$ClientHandler.processCommand(Server.java:194)
	at org.athens.network.Server$ClientHandler.lambda$run$0(Server.java:121)
	at java.base/java.util.concurrent.FutureTask.run(FutureTask.java:317)
	at java.base/java.util.concurrent.ThreadPoolExecutor.runWorker(ThreadPoolExecutor.java:1144)
	at java.base/java.util.concurrent.ThreadPoolExecutor$Worker.run(ThreadPoolExecutor.java:642)
	at java.base/java.lang.Thread.run(Thread.java:1570)
2024-12-12 19:17:58.884 [pool-1-thread-1] ERROR o.a.network.Server$ClientHandler - Error processing command: [PUT, string, client2Key1, client2Value1]
java.util.ConcurrentModificationException: null
	at java.base/java.util.LinkedHashMap$LinkedHashIterator.nextNode(LinkedHashMap.java:1023)
	at java.base/java.util.LinkedHashMap$LinkedEntryIterator.next(LinkedHashMap.java:1058)
	at java.base/java.util.LinkedHashMap$LinkedEntryIterator.next(LinkedHashMap.java:1055)
	at org.athens.db.core.Storage.saveToDisk(Storage.java:164)
	at org.athens.db.core.CacheBox.commit(CacheBox.java:86)
	at org.athens.db.shrading.ShardedCacheBox.commit(ShardedCacheBox.java:55)
	at org.athens.network.commands.PutCommand.execute(PutCommand.java:53)
	at org.athens.network.Server$ClientHandler.processCommand(Server.java:194)
	at org.athens.network.Server$ClientHandler.lambda$run$0(Server.java:121)
	at java.base/java.util.concurrent.FutureTask.run(FutureTask.java:317)
	at java.base/java.util.concurrent.ThreadPoolExecutor.runWorker(ThreadPoolExecutor.java:1144)
	at java.base/java.util.concurrent.ThreadPoolExecutor$Worker.run(ThreadPoolExecutor.java:642)
	at java.base/java.lang.Thread.run(Thread.java:1570)
2024-12-12 19:17:58.903 [pool-3-thread-1] INFO  org.athens.network.Server - PUT command successful for key: client3Key1
2024-12-12 19:21:08.526 [Thread-0] INFO  org.athens.network.Server - Init server shutdown ...
2024-12-12 19:25:01.817 [main] INFO  org.athens.network.Server - CacheBox initialized with shards
2024-12-12 19:25:01.818 [main] INFO  org.athens.network.Server - Starting Cache Box server on port 20029 with 8 core threads
2024-12-12 19:25:01.823 [main] INFO  org.athens.network.Server - Server started on port 20029
2024-12-12 19:25:01.828 [pool-1-thread-1] INFO  org.athens.network.Server - Server metrics - Active threads: 0, Queue size: 0, Completed tasks: 0, Total tasks: 0
2024-12-12 19:25:14.295 [Connection_Handler-1] DEBUG o.a.network.Server$ClientHandler - Started handling client /127.0.0.1:55814
2024-12-12 19:25:14.496 [Request_Processor-/127.0.0.1:55814] DEBUG org.athens.network.Server - PUT command details: type=string, key=myKey, value=myValue
2024-12-12 19:25:14.626 [Request_Processor-/127.0.0.1:55814] INFO  org.athens.network.Server - PUT command successful for key: myKey
2024-12-12 19:25:14.649 [Request_Processor-/127.0.0.1:55814] DEBUG org.athens.network.Server - GET command for key: myKey
2024-12-12 19:25:14.683 [Request_Processor-/127.0.0.1:55814] INFO  org.athens.network.Server - GET command successful. Key: myKey, Value: myValue
2024-12-12 19:25:30.358 [Connection_Handler-2] DEBUG o.a.network.Server$ClientHandler - Started handling client /127.0.0.1:55823
2024-12-12 19:25:30.361 [Request_Processor-/127.0.0.1:55823] DEBUG org.athens.network.Server - PUT command details: type=string, key=myKey1, value=myValue1
2024-12-12 19:25:30.404 [Request_Processor-/127.0.0.1:55823] INFO  org.athens.network.Server - PUT command successful for key: myKey1
2024-12-12 19:26:01.835 [pool-1-thread-1] INFO  org.athens.network.Server - Server metrics - Active threads: 2, Queue size: 0, Completed tasks: 0, Total tasks: 2
2024-12-12 19:27:01.827 [pool-1-thread-1] INFO  org.athens.network.Server - Server metrics - Active threads: 2, Queue size: 0, Completed tasks: 0, Total tasks: 2
2024-12-12 19:28:01.840 [pool-1-thread-1] INFO  org.athens.network.Server - Server metrics - Active threads: 2, Queue size: 0, Completed tasks: 0, Total tasks: 2
2024-12-12 19:28:01.971 [Thread-0] INFO  org.athens.network.Server - Initiating server shutdown...
2024-12-12 19:28:31.982 [Thread-0] INFO  org.athens.network.Server - Server shutdown complete
2024-12-12 19:28:31.983 [Connection_Handler-1] DEBUG o.a.network.Server$ClientHandler - Cleaned up resources for client /127.0.0.1:55814
2024-12-12 19:28:31.983 [Connection_Handler-2] DEBUG o.a.network.Server$ClientHandler - Cleaned up resources for client /127.0.0.1:55823
2024-12-12 19:31:36.537 [main] INFO  org.athens.network.Server - CacheBox initialized with shards
2024-12-12 19:31:36.545 [main] INFO  org.athens.network.Server - Starting Cache Box server on port 20029 with 8 core threads
2024-12-12 19:31:36.565 [main] INFO  org.athens.network.Server - Server started on port 20029
2024-12-12 19:31:36.570 [pool-1-thread-1] INFO  org.athens.network.Server - Server metrics - Active threads: 0, Queue size: 0, Completed tasks: 0, Total tasks: 0
2024-12-12 19:31:41.761 [Connection_Handler-2] DEBUG o.a.network.Server$ClientHandler - Started handling client /127.0.0.1:56033
2024-12-12 19:31:41.762 [Connection_Handler-3] DEBUG o.a.network.Server$ClientHandler - Started handling client /127.0.0.1:56034
2024-12-12 19:31:41.761 [Connection_Handler-1] DEBUG o.a.network.Server$ClientHandler - Started handling client /127.0.0.1:56032
2024-12-12 19:31:41.858 [Request_Processor-/127.0.0.1:56032] DEBUG org.athens.network.Server - PUT command details: type=string, key=client2Key1, value=client2Value1
2024-12-12 19:31:41.859 [Request_Processor-/127.0.0.1:56033] DEBUG org.athens.network.Server - PUT command details: type=string, key=client3Key1, value=client3Value1
2024-12-12 19:31:41.858 [Request_Processor-/127.0.0.1:56034] DEBUG org.athens.network.Server - PUT command details: type=string, key=client1Key1, value=client1Value1
2024-12-12 19:31:41.941 [Request_Processor-/127.0.0.1:56034] INFO  org.athens.network.Server - PUT command successful for key: client1Key1
2024-12-12 19:31:41.944 [Request_Processor-/127.0.0.1:56033] INFO  org.athens.network.Server - PUT command successful for key: client3Key1
2024-12-12 19:31:41.952 [Request_Processor-/127.0.0.1:56032] INFO  org.athens.network.Server - PUT command successful for key: client2Key1
2024-12-12 19:32:36.582 [pool-1-thread-1] INFO  org.athens.network.Server - Server metrics - Active threads: 3, Queue size: 0, Completed tasks: 0, Total tasks: 3
2024-12-12 19:33:36.570 [pool-1-thread-1] INFO  org.athens.network.Server - Server metrics - Active threads: 3, Queue size: 0, Completed tasks: 0, Total tasks: 3
2024-12-12 19:34:36.584 [pool-1-thread-1] INFO  org.athens.network.Server - Server metrics - Active threads: 3, Queue size: 0, Completed tasks: 0, Total tasks: 3
2024-12-12 19:35:36.584 [pool-1-thread-1] INFO  org.athens.network.Server - Server metrics - Active threads: 3, Queue size: 0, Completed tasks: 0, Total tasks: 3
2024-12-12 19:36:36.577 [pool-1-thread-1] INFO  org.athens.network.Server - Server metrics - Active threads: 3, Queue size: 0, Completed tasks: 0, Total tasks: 3
2024-12-12 19:37:36.579 [pool-1-thread-1] INFO  org.athens.network.Server - Server metrics - Active threads: 3, Queue size: 0, Completed tasks: 0, Total tasks: 3
2024-12-12 19:38:36.583 [pool-1-thread-1] INFO  org.athens.network.Server - Server metrics - Active threads: 3, Queue size: 0, Completed tasks: 0, Total tasks: 3
2024-12-12 19:38:47.273 [Thread-0] INFO  org.athens.network.Server - Initiating server shutdown...
2024-12-12 19:39:11.085 [main] INFO  org.athens.network.Server - CacheBox initialized with shards
2024-12-12 19:39:11.088 [main] INFO  org.athens.network.Server - Starting Cache Box server on port 20029 with 8 core threads
2024-12-12 19:39:11.093 [main] INFO  org.athens.network.Server - Server started on port 20029
2024-12-12 19:39:11.101 [pool-1-thread-1] INFO  org.athens.network.Server - Server metrics - Active threads: 0, Queue size: 0, Completed tasks: 0, Total tasks: 0
2024-12-12 19:39:17.572 [Connection_Handler-2] DEBUG o.a.network.Server$ClientHandler - Started handling client {}
2024-12-12 19:39:17.572 [Connection_Handler-3] DEBUG o.a.network.Server$ClientHandler - Started handling client {}
2024-12-12 19:39:17.572 [Connection_Handler-1] DEBUG o.a.network.Server$ClientHandler - Started handling client {}
2024-12-12 19:39:17.653 [Connection_Handler-2] DEBUG org.athens.network.Server - PUT command details: type=string, key=client2Key1, value=client2Value1
2024-12-12 19:39:17.653 [Connection_Handler-3] DEBUG org.athens.network.Server - PUT command details: type=string, key=client3Key1, value=client3Value1
2024-12-12 19:39:17.653 [Connection_Handler-1] DEBUG org.athens.network.Server - PUT command details: type=string, key=client1Key1, value=client1Value1
2024-12-12 19:39:17.731 [Connection_Handler-3] INFO  org.athens.network.Server - PUT command successful for key: client3Key1
2024-12-12 19:39:17.733 [Connection_Handler-1] INFO  org.athens.network.Server - PUT command successful for key: client1Key1
2024-12-12 19:39:17.733 [Connection_Handler-2] INFO  org.athens.network.Server - PUT command successful for key: client2Key1
2024-12-12 19:39:22.748 [Connection_Handler-3] ERROR o.a.network.Server$ClientHandler - Error reading from client /127.0.0.1:56184
java.io.IOException: Error parsing CBSP request: Read timed out
	at org.athens.network.RequestParser.parseRequest(RequestParser.java:61)
	at org.athens.network.Server$ClientHandler.processClientRequests(Server.java:151)
	at org.athens.network.Server$ClientHandler.run(Server.java:139)
	at java.base/java.util.concurrent.ThreadPoolExecutor.runWorker(ThreadPoolExecutor.java:1144)
	at java.base/java.util.concurrent.ThreadPoolExecutor$Worker.run(ThreadPoolExecutor.java:642)
	at java.base/java.lang.Thread.run(Thread.java:1570)
Caused by: java.net.SocketTimeoutException: Read timed out
	at java.base/sun.nio.ch.NioSocketImpl.timedRead(NioSocketImpl.java:278)
	at java.base/sun.nio.ch.NioSocketImpl.implRead(NioSocketImpl.java:304)
	at java.base/sun.nio.ch.NioSocketImpl.read(NioSocketImpl.java:346)
	at java.base/sun.nio.ch.NioSocketImpl$1.read(NioSocketImpl.java:796)
	at java.base/java.net.Socket$SocketInputStream.implRead(Socket.java:1108)
	at java.base/java.net.Socket$SocketInputStream.read(Socket.java:1095)
	at java.base/java.io.BufferedInputStream.read1(BufferedInputStream.java:345)
	at java.base/java.io.BufferedInputStream.implRead(BufferedInputStream.java:420)
	at java.base/java.io.BufferedInputStream.read(BufferedInputStream.java:399)
	at java.base/sun.nio.cs.StreamDecoder.readBytes(StreamDecoder.java:350)
	at java.base/sun.nio.cs.StreamDecoder.implRead(StreamDecoder.java:393)
	at java.base/sun.nio.cs.StreamDecoder.lockedRead(StreamDecoder.java:217)
	at java.base/sun.nio.cs.StreamDecoder.read(StreamDecoder.java:171)
	at java.base/java.io.InputStreamReader.read(InputStreamReader.java:186)
	at java.base/java.io.BufferedReader.fill(BufferedReader.java:160)
	at java.base/java.io.BufferedReader.implReadLine(BufferedReader.java:370)
	at java.base/java.io.BufferedReader.readLine(BufferedReader.java:347)
	at java.base/java.io.BufferedReader.readLine(BufferedReader.java:436)
	at org.athens.network.RequestParser.parseRequest(RequestParser.java:21)
	... 5 common frames omitted
2024-12-12 19:39:22.748 [Connection_Handler-1] ERROR o.a.network.Server$ClientHandler - Error reading from client /127.0.0.1:56182
java.io.IOException: Error parsing CBSP request: Read timed out
	at org.athens.network.RequestParser.parseRequest(RequestParser.java:61)
	at org.athens.network.Server$ClientHandler.processClientRequests(Server.java:151)
	at org.athens.network.Server$ClientHandler.run(Server.java:139)
	at java.base/java.util.concurrent.ThreadPoolExecutor.runWorker(ThreadPoolExecutor.java:1144)
	at java.base/java.util.concurrent.ThreadPoolExecutor$Worker.run(ThreadPoolExecutor.java:642)
	at java.base/java.lang.Thread.run(Thread.java:1570)
Caused by: java.net.SocketTimeoutException: Read timed out
	at java.base/sun.nio.ch.NioSocketImpl.timedRead(NioSocketImpl.java:278)
	at java.base/sun.nio.ch.NioSocketImpl.implRead(NioSocketImpl.java:304)
	at java.base/sun.nio.ch.NioSocketImpl.read(NioSocketImpl.java:346)
	at java.base/sun.nio.ch.NioSocketImpl$1.read(NioSocketImpl.java:796)
	at java.base/java.net.Socket$SocketInputStream.implRead(Socket.java:1108)
	at java.base/java.net.Socket$SocketInputStream.read(Socket.java:1095)
	at java.base/java.io.BufferedInputStream.read1(BufferedInputStream.java:345)
	at java.base/java.io.BufferedInputStream.implRead(BufferedInputStream.java:420)
	at java.base/java.io.BufferedInputStream.read(BufferedInputStream.java:399)
	at java.base/sun.nio.cs.StreamDecoder.readBytes(StreamDecoder.java:350)
	at java.base/sun.nio.cs.StreamDecoder.implRead(StreamDecoder.java:393)
	at java.base/sun.nio.cs.StreamDecoder.lockedRead(StreamDecoder.java:217)
	at java.base/sun.nio.cs.StreamDecoder.read(StreamDecoder.java:171)
	at java.base/java.io.InputStreamReader.read(InputStreamReader.java:186)
	at java.base/java.io.BufferedReader.fill(BufferedReader.java:160)
	at java.base/java.io.BufferedReader.implReadLine(BufferedReader.java:370)
	at java.base/java.io.BufferedReader.readLine(BufferedReader.java:347)
	at java.base/java.io.BufferedReader.readLine(BufferedReader.java:436)
	at org.athens.network.RequestParser.parseRequest(RequestParser.java:21)
	... 5 common frames omitted
2024-12-12 19:39:22.748 [Connection_Handler-2] ERROR o.a.network.Server$ClientHandler - Error reading from client /127.0.0.1:56183
java.io.IOException: Error parsing CBSP request: Read timed out
	at org.athens.network.RequestParser.parseRequest(RequestParser.java:61)
	at org.athens.network.Server$ClientHandler.processClientRequests(Server.java:151)
	at org.athens.network.Server$ClientHandler.run(Server.java:139)
	at java.base/java.util.concurrent.ThreadPoolExecutor.runWorker(ThreadPoolExecutor.java:1144)
	at java.base/java.util.concurrent.ThreadPoolExecutor$Worker.run(ThreadPoolExecutor.java:642)
	at java.base/java.lang.Thread.run(Thread.java:1570)
Caused by: java.net.SocketTimeoutException: Read timed out
	at java.base/sun.nio.ch.NioSocketImpl.timedRead(NioSocketImpl.java:278)
	at java.base/sun.nio.ch.NioSocketImpl.implRead(NioSocketImpl.java:304)
	at java.base/sun.nio.ch.NioSocketImpl.read(NioSocketImpl.java:346)
	at java.base/sun.nio.ch.NioSocketImpl$1.read(NioSocketImpl.java:796)
	at java.base/java.net.Socket$SocketInputStream.implRead(Socket.java:1108)
	at java.base/java.net.Socket$SocketInputStream.read(Socket.java:1095)
	at java.base/java.io.BufferedInputStream.read1(BufferedInputStream.java:345)
	at java.base/java.io.BufferedInputStream.implRead(BufferedInputStream.java:420)
	at java.base/java.io.BufferedInputStream.read(BufferedInputStream.java:399)
	at java.base/sun.nio.cs.StreamDecoder.readBytes(StreamDecoder.java:350)
	at java.base/sun.nio.cs.StreamDecoder.implRead(StreamDecoder.java:393)
	at java.base/sun.nio.cs.StreamDecoder.lockedRead(StreamDecoder.java:217)
	at java.base/sun.nio.cs.StreamDecoder.read(StreamDecoder.java:171)
	at java.base/java.io.InputStreamReader.read(InputStreamReader.java:186)
	at java.base/java.io.BufferedReader.fill(BufferedReader.java:160)
	at java.base/java.io.BufferedReader.implReadLine(BufferedReader.java:370)
	at java.base/java.io.BufferedReader.readLine(BufferedReader.java:347)
	at java.base/java.io.BufferedReader.readLine(BufferedReader.java:436)
	at org.athens.network.RequestParser.parseRequest(RequestParser.java:21)
	... 5 common frames omitted
2024-12-12 19:39:22.754 [Connection_Handler-3] DEBUG o.a.network.Server$ClientHandler - Cleaned up resources for client /127.0.0.1:56184
2024-12-12 19:39:22.755 [Connection_Handler-2] DEBUG o.a.network.Server$ClientHandler - Cleaned up resources for client /127.0.0.1:56183
2024-12-12 19:39:22.754 [Connection_Handler-1] DEBUG o.a.network.Server$ClientHandler - Cleaned up resources for client /127.0.0.1:56182
2024-12-12 19:40:11.110 [pool-1-thread-1] INFO  org.athens.network.Server - Server metrics - Active threads: 0, Queue size: 0, Completed tasks: 3, Total tasks: 3
2024-12-12 19:41:11.108 [pool-1-thread-1] INFO  org.athens.network.Server - Server metrics - Active threads: 0, Queue size: 0, Completed tasks: 3, Total tasks: 3
2024-12-12 19:42:11.105 [pool-1-thread-1] INFO  org.athens.network.Server - Server metrics - Active threads: 0, Queue size: 0, Completed tasks: 3, Total tasks: 3
2024-12-12 19:43:11.109 [pool-1-thread-1] INFO  org.athens.network.Server - Server metrics - Active threads: 0, Queue size: 0, Completed tasks: 3, Total tasks: 3
2024-12-12 19:44:11.115 [pool-1-thread-1] INFO  org.athens.network.Server - Server metrics - Active threads: 0, Queue size: 0, Completed tasks: 3, Total tasks: 3
2024-12-12 19:45:11.100 [pool-1-thread-1] INFO  org.athens.network.Server - Server metrics - Active threads: 0, Queue size: 0, Completed tasks: 3, Total tasks: 3
2024-12-12 19:46:11.108 [pool-1-thread-1] INFO  org.athens.network.Server - Server metrics - Active threads: 0, Queue size: 0, Completed tasks: 3, Total tasks: 3
2024-12-12 19:47:11.111 [pool-1-thread-1] INFO  org.athens.network.Server - Server metrics - Active threads: 0, Queue size: 0, Completed tasks: 3, Total tasks: 3
2024-12-12 19:48:11.113 [pool-1-thread-1] INFO  org.athens.network.Server - Server metrics - Active threads: 0, Queue size: 0, Completed tasks: 3, Total tasks: 3
2024-12-12 19:49:11.117 [pool-1-thread-1] INFO  org.athens.network.Server - Server metrics - Active threads: 0, Queue size: 0, Completed tasks: 3, Total tasks: 3
2024-12-12 19:50:11.104 [pool-1-thread-1] INFO  org.athens.network.Server - Server metrics - Active threads: 0, Queue size: 0, Completed tasks: 3, Total tasks: 3
2024-12-12 19:51:11.112 [pool-1-thread-1] INFO  org.athens.network.Server - Server metrics - Active threads: 0, Queue size: 0, Completed tasks: 3, Total tasks: 3
2024-12-12 19:52:11.103 [pool-1-thread-1] INFO  org.athens.network.Server - Server metrics - Active threads: 0, Queue size: 0, Completed tasks: 3, Total tasks: 3
2024-12-12 19:52:49.902 [Thread-0] INFO  org.athens.network.Server - Initiating server shutdown...
2024-12-12 19:52:49.904 [Thread-0] INFO  org.athens.network.Server - Server shutdown complete
